  Calatorie.cpp
C:\Users\Jacqueline\Documents\Facultate Mate UBB\INFO 2\PROIECTE\Lab08-10-live+tema\Lab08\Calatorie.cpp(7,1): warning C4996: 'strcpy': This function or variable may be unsafe. Consider using strcpy_s instead. To disable deprecation, use _CRT_SECURE_NO_WARNINGS. See online help for details.
C:\Program Files (x86)\Windows Kits\10\Include\10.0.18362.0\ucrt\string.h(133): message : see declaration of 'strcpy'
C:\Users\Jacqueline\Documents\Facultate Mate UBB\INFO 2\PROIECTE\Lab08-10-live+tema\Lab08\Calatorie.cpp(8,1): warning C4996: 'strcpy': This function or variable may be unsafe. Consider using strcpy_s instead. To disable deprecation, use _CRT_SECURE_NO_WARNINGS. See online help for details.
C:\Program Files (x86)\Windows Kits\10\Include\10.0.18362.0\ucrt\string.h(133): message : see declaration of 'strcpy'
C:\Users\Jacqueline\Documents\Facultate Mate UBB\INFO 2\PROIECTE\Lab08-10-live+tema\Lab08\Calatorie.cpp(9,1): warning C4996: 'strcpy': This function or variable may be unsafe. Consider using strcpy_s instead. To disable deprecation, use _CRT_SECURE_NO_WARNINGS. See online help for details.
C:\Program Files (x86)\Windows Kits\10\Include\10.0.18362.0\ucrt\string.h(133): message : see declaration of 'strcpy'
  CalatorieAutobuz.cpp
  CalatorieAvion.cpp
  FileRepository.cpp
C:\Users\Jacqueline\Documents\Facultate Mate UBB\INFO 2\PROIECTE\Lab08-10-live+tema\Lab08\FileRepository.h(24,1): warning C4996: 'strcpy': This function or variable may be unsafe. Consider using strcpy_s instead. To disable deprecation, use _CRT_SECURE_NO_WARNINGS. See online help for details.
C:\Program Files (x86)\Windows Kits\10\Include\10.0.18362.0\ucrt\string.h(133): message : see declaration of 'strcpy'
C:\Users\Jacqueline\Documents\Facultate Mate UBB\INFO 2\PROIECTE\Lab08-10-live+tema\Lab08\FileRepository.h(25,1): warning C4996: 'strcpy': This function or variable may be unsafe. Consider using strcpy_s instead. To disable deprecation, use _CRT_SECURE_NO_WARNINGS. See online help for details.
C:\Program Files (x86)\Windows Kits\10\Include\10.0.18362.0\ucrt\string.h(133): message : see declaration of 'strcpy'
C:\Users\Jacqueline\Documents\Facultate Mate UBB\INFO 2\PROIECTE\Lab08-10-live+tema\Lab08\FileRepository.h(26,1): warning C4996: 'strcpy': This function or variable may be unsafe. Consider using strcpy_s instead. To disable deprecation, use _CRT_SECURE_NO_WARNINGS. See online help for details.
C:\Program Files (x86)\Windows Kits\10\Include\10.0.18362.0\ucrt\string.h(133): message : see declaration of 'strcpy'
C:\Users\Jacqueline\Documents\Facultate Mate UBB\INFO 2\PROIECTE\Lab08-10-live+tema\Lab08\FileRepository.cpp(5,1): warning C4996: 'strcpy': This function or variable may be unsafe. Consider using strcpy_s instead. To disable deprecation, use _CRT_SECURE_NO_WARNINGS. See online help for details.
C:\Program Files (x86)\Windows Kits\10\Include\10.0.18362.0\ucrt\string.h(133): message : see declaration of 'strcpy'
C:\Users\Jacqueline\Documents\Facultate Mate UBB\INFO 2\PROIECTE\Lab08-10-live+tema\Lab08\FileRepository.cpp(6,1): warning C4996: 'strcpy': This function or variable may be unsafe. Consider using strcpy_s instead. To disable deprecation, use _CRT_SECURE_NO_WARNINGS. See online help for details.
C:\Program Files (x86)\Windows Kits\10\Include\10.0.18362.0\ucrt\string.h(133): message : see declaration of 'strcpy'
C:\Users\Jacqueline\Documents\Facultate Mate UBB\INFO 2\PROIECTE\Lab08-10-live+tema\Lab08\FileRepository.cpp(7,1): warning C4996: 'strcpy': This function or variable may be unsafe. Consider using strcpy_s instead. To disable deprecation, use _CRT_SECURE_NO_WARNINGS. See online help for details.
C:\Program Files (x86)\Windows Kits\10\Include\10.0.18362.0\ucrt\string.h(133): message : see declaration of 'strcpy'
C:\Users\Jacqueline\Documents\Facultate Mate UBB\INFO 2\PROIECTE\Lab08-10-live+tema\Lab08\FileRepository.cpp(65,20): warning C4018: '<': signed/unsigned mismatch
C:\Users\Jacqueline\Documents\Facultate Mate UBB\INFO 2\PROIECTE\Lab08-10-live+tema\Lab08\FileRepository.cpp(75,20): warning C4018: '<': signed/unsigned mismatch
C:\Users\Jacqueline\Documents\Facultate Mate UBB\INFO 2\PROIECTE\Lab08-10-live+tema\Lab08\FileRepository.cpp(103,20): warning C4018: '<': signed/unsigned mismatch
C:\Users\Jacqueline\Documents\Facultate Mate UBB\INFO 2\PROIECTE\Lab08-10-live+tema\Lab08\FileRepository.cpp(105,20): warning C4018: '<': signed/unsigned mismatch
C:\Users\Jacqueline\Documents\Facultate Mate UBB\INFO 2\PROIECTE\Lab08-10-live+tema\Lab08\FileRepository.cpp(129,19): warning C4018: '<': signed/unsigned mismatch
C:\Users\Jacqueline\Documents\Facultate Mate UBB\INFO 2\PROIECTE\Lab08-10-live+tema\Lab08\FileRepository.cpp(138,20): warning C4018: '<': signed/unsigned mismatch
  LogInService.cpp
C:\Users\Jacqueline\Documents\Facultate Mate UBB\INFO 2\PROIECTE\Lab08-10-live+tema\Lab08\LogInService.cpp(6,1): warning C4996: 'strcpy': This function or variable may be unsafe. Consider using strcpy_s instead. To disable deprecation, use _CRT_SECURE_NO_WARNINGS. See online help for details.
C:\Program Files (x86)\Windows Kits\10\Include\10.0.18362.0\ucrt\string.h(133): message : see declaration of 'strcpy'
C:\Users\Jacqueline\Documents\Facultate Mate UBB\INFO 2\PROIECTE\Lab08-10-live+tema\Lab08\LogInService.cpp(11,1): warning C4996: 'strcpy': This function or variable may be unsafe. Consider using strcpy_s instead. To disable deprecation, use _CRT_SECURE_NO_WARNINGS. See online help for details.
C:\Program Files (x86)\Windows Kits\10\Include\10.0.18362.0\ucrt\string.h(133): message : see declaration of 'strcpy'
  main.cpp
C:\Users\Jacqueline\Documents\Facultate Mate UBB\INFO 2\PROIECTE\Lab08-10-live+tema\Lab08\FileRepository.h(24,1): warning C4996: 'strcpy': This function or variable may be unsafe. Consider using strcpy_s instead. To disable deprecation, use _CRT_SECURE_NO_WARNINGS. See online help for details.
C:\Program Files (x86)\Windows Kits\10\Include\10.0.18362.0\ucrt\string.h(133): message : see declaration of 'strcpy'
C:\Users\Jacqueline\Documents\Facultate Mate UBB\INFO 2\PROIECTE\Lab08-10-live+tema\Lab08\FileRepository.h(25,1): warning C4996: 'strcpy': This function or variable may be unsafe. Consider using strcpy_s instead. To disable deprecation, use _CRT_SECURE_NO_WARNINGS. See online help for details.
C:\Program Files (x86)\Windows Kits\10\Include\10.0.18362.0\ucrt\string.h(133): message : see declaration of 'strcpy'
C:\Users\Jacqueline\Documents\Facultate Mate UBB\INFO 2\PROIECTE\Lab08-10-live+tema\Lab08\FileRepository.h(26,1): warning C4996: 'strcpy': This function or variable may be unsafe. Consider using strcpy_s instead. To disable deprecation, use _CRT_SECURE_NO_WARNINGS. See online help for details.
C:\Program Files (x86)\Windows Kits\10\Include\10.0.18362.0\ucrt\string.h(133): message : see declaration of 'strcpy'
  RepoException.cpp
C:\Users\Jacqueline\Documents\Facultate Mate UBB\INFO 2\PROIECTE\Lab08-10-live+tema\Lab08\RepoException.cpp(5,1): warning C4996: 'strcpy': This function or variable may be unsafe. Consider using strcpy_s instead. To disable deprecation, use _CRT_SECURE_NO_WARNINGS. See online help for details.
C:\Program Files (x86)\Windows Kits\10\Include\10.0.18362.0\ucrt\string.h(133): message : see declaration of 'strcpy'
C:\Users\Jacqueline\Documents\Facultate Mate UBB\INFO 2\PROIECTE\Lab08-10-live+tema\Lab08\RepoException.cpp(6,1): warning C4996: 'strcpy': This function or variable may be unsafe. Consider using strcpy_s instead. To disable deprecation, use _CRT_SECURE_NO_WARNINGS. See online help for details.
C:\Program Files (x86)\Windows Kits\10\Include\10.0.18362.0\ucrt\string.h(133): message : see declaration of 'strcpy'
C:\Users\Jacqueline\Documents\Facultate Mate UBB\INFO 2\PROIECTE\Lab08-10-live+tema\Lab08\RepoException.cpp(7,1): warning C4996: 'strcat': This function or variable may be unsafe. Consider using strcat_s instead. To disable deprecation, use _CRT_SECURE_NO_WARNINGS. See online help for details.
C:\Program Files (x86)\Windows Kits\10\Include\10.0.18362.0\ucrt\string.h(90): message : see declaration of 'strcat'
  RepositoryFileTxt.cpp
  Service.cpp
C:\Users\Jacqueline\Documents\Facultate Mate UBB\INFO 2\PROIECTE\Lab08-10-live+tema\Lab08\FileRepository.h(24,1): warning C4996: 'strcpy': This function or variable may be unsafe. Consider using strcpy_s instead. To disable deprecation, use _CRT_SECURE_NO_WARNINGS. See online help for details.
C:\Program Files (x86)\Windows Kits\10\Include\10.0.18362.0\ucrt\string.h(133): message : see declaration of 'strcpy'
C:\Users\Jacqueline\Documents\Facultate Mate UBB\INFO 2\PROIECTE\Lab08-10-live+tema\Lab08\FileRepository.h(25,1): warning C4996: 'strcpy': This function or variable may be unsafe. Consider using strcpy_s instead. To disable deprecation, use _CRT_SECURE_NO_WARNINGS. See online help for details.
C:\Program Files (x86)\Windows Kits\10\Include\10.0.18362.0\ucrt\string.h(133): message : see declaration of 'strcpy'
C:\Users\Jacqueline\Documents\Facultate Mate UBB\INFO 2\PROIECTE\Lab08-10-live+tema\Lab08\FileRepository.h(26,1): warning C4996: 'strcpy': This function or variable may be unsafe. Consider using strcpy_s instead. To disable deprecation, use _CRT_SECURE_NO_WARNINGS. See online help for details.
C:\Program Files (x86)\Windows Kits\10\Include\10.0.18362.0\ucrt\string.h(133): message : see declaration of 'strcpy'
C:\Users\Jacqueline\Documents\Facultate Mate UBB\INFO 2\PROIECTE\Lab08-10-live+tema\Lab08\Service.cpp(17,20): warning C4018: '<': signed/unsigned mismatch
C:\Users\Jacqueline\Documents\Facultate Mate UBB\INFO 2\PROIECTE\Lab08-10-live+tema\Lab08\Service.cpp(27,20): warning C4018: '<': signed/unsigned mismatch
  Tests.cpp
C:\Users\Jacqueline\Documents\Facultate Mate UBB\INFO 2\PROIECTE\Lab08-10-live+tema\Lab08\FileRepository.h(24,1): warning C4996: 'strcpy': This function or variable may be unsafe. Consider using strcpy_s instead. To disable deprecation, use _CRT_SECURE_NO_WARNINGS. See online help for details.
C:\Program Files (x86)\Windows Kits\10\Include\10.0.18362.0\ucrt\string.h(133): message : see declaration of 'strcpy'
C:\Users\Jacqueline\Documents\Facultate Mate UBB\INFO 2\PROIECTE\Lab08-10-live+tema\Lab08\FileRepository.h(25,1): warning C4996: 'strcpy': This function or variable may be unsafe. Consider using strcpy_s instead. To disable deprecation, use _CRT_SECURE_NO_WARNINGS. See online help for details.
C:\Program Files (x86)\Windows Kits\10\Include\10.0.18362.0\ucrt\string.h(133): message : see declaration of 'strcpy'
C:\Users\Jacqueline\Documents\Facultate Mate UBB\INFO 2\PROIECTE\Lab08-10-live+tema\Lab08\FileRepository.h(26,1): warning C4996: 'strcpy': This function or variable may be unsafe. Consider using strcpy_s instead. To disable deprecation, use _CRT_SECURE_NO_WARNINGS. See online help for details.
C:\Program Files (x86)\Windows Kits\10\Include\10.0.18362.0\ucrt\string.h(133): message : see declaration of 'strcpy'
C:\Users\Jacqueline\Documents\Facultate Mate UBB\INFO 2\PROIECTE\Lab08-10-live+tema\Lab08\Tests.cpp(40,24): warning C4101: 'e': unreferenced local variable
C:\Users\Jacqueline\Documents\Facultate Mate UBB\INFO 2\PROIECTE\Lab08-10-live+tema\Lab08\Tests.cpp(72,1): warning C4996: 'strcpy': This function or variable may be unsafe. Consider using strcpy_s instead. To disable deprecation, use _CRT_SECURE_NO_WARNINGS. See online help for details.
C:\Program Files (x86)\Windows Kits\10\Include\10.0.18362.0\ucrt\string.h(133): message : see declaration of 'strcpy'
C:\Users\Jacqueline\Documents\Facultate Mate UBB\INFO 2\PROIECTE\Lab08-10-live+tema\Lab08\Tests.cpp(79,1): warning C4996: 'strcpy': This function or variable may be unsafe. Consider using strcpy_s instead. To disable deprecation, use _CRT_SECURE_NO_WARNINGS. See online help for details.
C:\Program Files (x86)\Windows Kits\10\Include\10.0.18362.0\ucrt\string.h(133): message : see declaration of 'strcpy'
C:\Users\Jacqueline\Documents\Facultate Mate UBB\INFO 2\PROIECTE\Lab08-10-live+tema\Lab08\Tests.cpp(127,1): warning C4996: 'strcpy': This function or variable may be unsafe. Consider using strcpy_s instead. To disable deprecation, use _CRT_SECURE_NO_WARNINGS. See online help for details.
C:\Program Files (x86)\Windows Kits\10\Include\10.0.18362.0\ucrt\string.h(133): message : see declaration of 'strcpy'
C:\Users\Jacqueline\Documents\Facultate Mate UBB\INFO 2\PROIECTE\Lab08-10-live+tema\Lab08\Tests.cpp(131,1): warning C4996: 'strcpy': This function or variable may be unsafe. Consider using strcpy_s instead. To disable deprecation, use _CRT_SECURE_NO_WARNINGS. See online help for details.
C:\Program Files (x86)\Windows Kits\10\Include\10.0.18362.0\ucrt\string.h(133): message : see declaration of 'strcpy'
C:\Users\Jacqueline\Documents\Facultate Mate UBB\INFO 2\PROIECTE\Lab08-10-live+tema\Lab08\Tests.cpp(135,1): warning C4996: 'strcpy': This function or variable may be unsafe. Consider using strcpy_s instead. To disable deprecation, use _CRT_SECURE_NO_WARNINGS. See online help for details.
C:\Program Files (x86)\Windows Kits\10\Include\10.0.18362.0\ucrt\string.h(133): message : see declaration of 'strcpy'
C:\Users\Jacqueline\Documents\Facultate Mate UBB\INFO 2\PROIECTE\Lab08-10-live+tema\Lab08\Tests.cpp(159,1): warning C4996: 'strcpy': This function or variable may be unsafe. Consider using strcpy_s instead. To disable deprecation, use _CRT_SECURE_NO_WARNINGS. See online help for details.
C:\Program Files (x86)\Windows Kits\10\Include\10.0.18362.0\ucrt\string.h(133): message : see declaration of 'strcpy'
C:\Users\Jacqueline\Documents\Facultate Mate UBB\INFO 2\PROIECTE\Lab08-10-live+tema\Lab08\Tests.cpp(170,1): warning C4996: 'strcpy': This function or variable may be unsafe. Consider using strcpy_s instead. To disable deprecation, use _CRT_SECURE_NO_WARNINGS. See online help for details.
C:\Program Files (x86)\Windows Kits\10\Include\10.0.18362.0\ucrt\string.h(133): message : see declaration of 'strcpy'
  UI.cpp
C:\Users\Jacqueline\Documents\Facultate Mate UBB\INFO 2\PROIECTE\Lab08-10-live+tema\Lab08\FileRepository.h(24,1): warning C4996: 'strcpy': This function or variable may be unsafe. Consider using strcpy_s instead. To disable deprecation, use _CRT_SECURE_NO_WARNINGS. See online help for details.
C:\Program Files (x86)\Windows Kits\10\Include\10.0.18362.0\ucrt\string.h(133): message : see declaration of 'strcpy'
C:\Users\Jacqueline\Documents\Facultate Mate UBB\INFO 2\PROIECTE\Lab08-10-live+tema\Lab08\FileRepository.h(25,1): warning C4996: 'strcpy': This function or variable may be unsafe. Consider using strcpy_s instead. To disable deprecation, use _CRT_SECURE_NO_WARNINGS. See online help for details.
C:\Program Files (x86)\Windows Kits\10\Include\10.0.18362.0\ucrt\string.h(133): message : see declaration of 'strcpy'
C:\Users\Jacqueline\Documents\Facultate Mate UBB\INFO 2\PROIECTE\Lab08-10-live+tema\Lab08\FileRepository.h(26,1): warning C4996: 'strcpy': This function or variable may be unsafe. Consider using strcpy_s instead. To disable deprecation, use _CRT_SECURE_NO_WARNINGS. See online help for details.
C:\Program Files (x86)\Windows Kits\10\Include\10.0.18362.0\ucrt\string.h(133): message : see declaration of 'strcpy'
  User.cpp
C:\Users\Jacqueline\Documents\Facultate Mate UBB\INFO 2\PROIECTE\Lab08-10-live+tema\Lab08\User.cpp(5,1): warning C4996: 'strcpy': This function or variable may be unsafe. Consider using strcpy_s instead. To disable deprecation, use _CRT_SECURE_NO_WARNINGS. See online help for details.
C:\Program Files (x86)\Windows Kits\10\Include\10.0.18362.0\ucrt\string.h(133): message : see declaration of 'strcpy'
C:\Users\Jacqueline\Documents\Facultate Mate UBB\INFO 2\PROIECTE\Lab08-10-live+tema\Lab08\User.cpp(6,1): warning C4996: 'strcpy': This function or variable may be unsafe. Consider using strcpy_s instead. To disable deprecation, use _CRT_SECURE_NO_WARNINGS. See online help for details.
C:\Program Files (x86)\Windows Kits\10\Include\10.0.18362.0\ucrt\string.h(133): message : see declaration of 'strcpy'
  ValidationException.cpp
C:\Users\Jacqueline\Documents\Facultate Mate UBB\INFO 2\PROIECTE\Lab08-10-live+tema\Lab08\ValidationException.cpp(6,1): warning C4996: 'strcpy': This function or variable may be unsafe. Consider using strcpy_s instead. To disable deprecation, use _CRT_SECURE_NO_WARNINGS. See online help for details.
C:\Program Files (x86)\Windows Kits\10\Include\10.0.18362.0\ucrt\string.h(133): message : see declaration of 'strcpy'
C:\Users\Jacqueline\Documents\Facultate Mate UBB\INFO 2\PROIECTE\Lab08-10-live+tema\Lab08\ValidationException.cpp(7,1): warning C4996: 'strcpy': This function or variable may be unsafe. Consider using strcpy_s instead. To disable deprecation, use _CRT_SECURE_NO_WARNINGS. See online help for details.
C:\Program Files (x86)\Windows Kits\10\Include\10.0.18362.0\ucrt\string.h(133): message : see declaration of 'strcpy'
C:\Users\Jacqueline\Documents\Facultate Mate UBB\INFO 2\PROIECTE\Lab08-10-live+tema\Lab08\ValidationException.cpp(8,1): warning C4996: 'strcat': This function or variable may be unsafe. Consider using strcat_s instead. To disable deprecation, use _CRT_SECURE_NO_WARNINGS. See online help for details.
C:\Program Files (x86)\Windows Kits\10\Include\10.0.18362.0\ucrt\string.h(90): message : see declaration of 'strcat'
  Generating Code...
  Lab08.vcxproj -> C:\Users\Jacqueline\Documents\Facultate Mate UBB\INFO 2\PROIECTE\Lab08-10-live+tema\Debug\Lab08.exe
